[debug] [2019-02-26T14:11:26.058Z] ----------------------------------------------------------------------
[debug] [2019-02-26T14:11:26.061Z] Command:       /usr/bin/node /usr/local/bin/firebase init
[debug] [2019-02-26T14:11:26.061Z] CLI Version:   6.3.0
[debug] [2019-02-26T14:11:26.061Z] Platform:      linux
[debug] [2019-02-26T14:11:26.061Z] Node Version:  v8.10.0
[debug] [2019-02-26T14:11:26.062Z] Time:          Tue Feb 26 2019 15:11:26 GMT+0100 (WAT)
[debug] [2019-02-26T14:11:26.062Z] ----------------------------------------------------------------------
[debug] 
[debug] [2019-02-26T14:11:26.069Z] > command requires scopes: ["email","openid","https://www.googleapis.com/auth/cloudplatformprojects.readonly","https://www.googleapis.com/auth/firebase","https://www.googleapis.com/auth/cloud-platform"]
[debug] [2019-02-26T14:11:26.070Z] > authorizing via signed-in user
[info] 
     ######## #### ########  ######## ########     ###     ######  ########
     ##        ##  ##     ## ##       ##     ##  ##   ##  ##       ##
     ######    ##  ########  ######   ########  #########  ######  ######
     ##        ##  ##    ##  ##       ##     ## ##     ##       ## ##
     ##       #### ##     ## ######## ########  ##     ##  ######  ########

You're about to initialize a Firebase project in this directory:

  /home/cyuket/Documents/works/firebase/travel

[info] 
=== Project Setup
[info] 
[info] First, let's associate this project directory with a Firebase project.
[info] You can create multiple project aliases by running firebase use --add, 
[info] but for now we'll just set up a default project.
[info] 
[debug] [2019-02-26T14:11:35.681Z] >>> HTTP REQUEST GET https://firebase.googleapis.com/v1beta1/projects?page_size=100  
 
[debug] [2019-02-26T14:11:38.549Z] <<< HTTP RESPONSE 200
[info] i  Using project travel-28 (travel)
[info] 
=== Database Setup
[info] 
[info] Firebase Realtime Database Rules allow you to define how your data should be
[info] structured and when your data can be read from and written to.
[info] 
[info] Skipping overwrite of Database Rules.
[info] The rules defined in database.rules.json will be published when you do firebase deploy.
[info] 
=== Firestore Setup
[debug] [2019-02-26T14:11:48.065Z] > command requires scopes: ["email","openid","https://www.googleapis.com/auth/cloudplatformprojects.readonly","https://www.googleapis.com/auth/firebase","https://www.googleapis.com/auth/cloud-platform"]
[debug] [2019-02-26T14:11:48.066Z] > authorizing via signed-in user
[debug] [2019-02-26T14:11:48.067Z] >>> HTTP REQUEST GET https://firebase.googleapis.com/v1beta1/projects/travel-28  
 
[debug] [2019-02-26T14:11:51.663Z] <<< HTTP RESPONSE 200
[info] 
[info] Firestore Security Rules allow you to define how and when to allow
[info] requests. You can keep these rules in your project directory
[info] and publish them with firebase deploy.
[info] 
[info] 
[info] Firestore indexes allow you to perform complex queries while
[info] maintaining performance that scales with the size of the result
[info] set. You can keep index definitions in your project directory
[info] and publish them with firebase deploy.
[info] 
[info] 
=== Functions Setup
[info] 
[info] A functions directory will be created in your project with a Node.js
[info] package pre-configured. Functions can be deployed with firebase deploy.
[info] 
[debug] [2019-02-26T14:12:02.616Z] > command requires scopes: ["email","openid","https://www.googleapis.com/auth/cloudplatformprojects.readonly","https://www.googleapis.com/auth/firebase","https://www.googleapis.com/auth/cloud-platform"]
[debug] [2019-02-26T14:12:02.617Z] > authorizing via signed-in user
[debug] [2019-02-26T14:12:02.618Z] >>> HTTP REQUEST GET https://firebase.googleapis.com/v1beta1/projects/travel-28  
 
[debug] [2019-02-26T14:12:03.268Z] <<< HTTP RESPONSE 200
[debug] [2019-02-26T14:12:03.278Z] >>> HTTP REQUEST PATCH https://servicemanagement.googleapis.com/v1/services/cloudfunctions.googleapis.com/projectSettings/travel-28?updateMask=usageSettings  

[debug] [2019-02-26T14:12:03.279Z] >>> HTTP REQUEST PATCH https://servicemanagement.googleapis.com/v1/services/runtimeconfig.googleapis.com/projectSettings/travel-28?updateMask=usageSettings  

[debug] [2019-02-26T14:12:06.746Z] <<< HTTP RESPONSE 200
[debug] [2019-02-26T14:12:06.748Z] <<< HTTP RESPONSE 200
[info] ✔  Wrote functions/package.json
[info] ✔  Wrote functions/.eslintrc.json
[info] ✔  Wrote functions/index.js
[info] ✔  Wrote functions/.gitignore
[info] 
=== Hosting Setup
[info] 
[info] Your public directory is the folder (relative to your project directory) that
[info] will contain Hosting assets to be uploaded with firebase deploy. If you
[info] have a build process for your assets, use your build's output directory.
[info] 
[info] ✔  Wrote public/404.html
[debug] [2019-02-26T14:12:49.309Z] >>> HTTP REQUEST GET https://www.gstatic.com/firebasejs/releases.json  
 
[debug] [2019-02-26T14:29:23.690Z] ----------------------------------------------------------------------
[debug] [2019-02-26T14:29:23.696Z] Command:       /usr/bin/node /usr/local/bin/firebase init
[debug] [2019-02-26T14:29:23.697Z] CLI Version:   6.3.0
[debug] [2019-02-26T14:29:23.697Z] Platform:      linux
[debug] [2019-02-26T14:29:23.697Z] Node Version:  v8.10.0
[debug] [2019-02-26T14:29:23.697Z] Time:          Tue Feb 26 2019 15:29:23 GMT+0100 (WAT)
[debug] [2019-02-26T14:29:23.697Z] ----------------------------------------------------------------------
[debug] 
[debug] [2019-02-26T14:29:23.814Z] > command requires scopes: ["email","openid","https://www.googleapis.com/auth/cloudplatformprojects.readonly","https://www.googleapis.com/auth/firebase","https://www.googleapis.com/auth/cloud-platform"]
[debug] [2019-02-26T14:29:23.814Z] > authorizing via signed-in user
[info] 
     ######## #### ########  ######## ########     ###     ######  ########
     ##        ##  ##     ## ##       ##     ##  ##   ##  ##       ##
     ######    ##  ########  ######   ########  #########  ######  ######
     ##        ##  ##    ##  ##       ##     ## ##     ##       ## ##
     ##       #### ##     ## ######## ########  ##     ##  ######  ########

You're about to initialize a Firebase project in this directory:

  /home/cyuket/Documents/works/firebase/travel

[info] 
=== Project Setup
[info] 
[info] First, let's associate this project directory with a Firebase project.
[info] You can create multiple project aliases by running firebase use --add, 
[info] but for now we'll just set up a default project.
[info] 
[debug] [2019-02-26T14:30:04.502Z] > refreshing access token with scopes: ["email","https://www.googleapis.com/auth/cloud-platform","https://www.googleapis.com/auth/cloudplatformprojects.readonly","https://www.googleapis.com/auth/firebase","openid"]
[debug] [2019-02-26T14:30:04.503Z] >>> HTTP REQUEST POST https://www.googleapis.com/oauth2/v3/token  
 <request body omitted>
[debug] [2019-02-26T14:30:15.168Z] <<< HTTP RESPONSE 200
[debug] [2019-02-26T14:30:15.225Z] >>> HTTP REQUEST GET https://firebase.googleapis.com/v1beta1/projects?page_size=100  
 
[debug] [2019-02-26T14:30:21.649Z] <<< HTTP RESPONSE 200
[info] i  Using project travel-28 (travel)
[info] 
=== Hosting Setup
[info] 
[info] Your public directory is the folder (relative to your project directory) that
[info] will contain Hosting assets to be uploaded with firebase deploy. If you
[info] have a build process for your assets, use your build's output directory.
[info] 
[debug] [2019-02-26T14:30:46.277Z] >>> HTTP REQUEST GET https://www.gstatic.com/firebasejs/releases.json  
 
